  [1m[36m (1.3ms)[0m  [1mCREATE TABLE "schema_migrations" ("version" varchar NOT NULL) [0m
  [1m[35m (0.0ms)[0m  select sqlite_version(*)
  [1m[36m (1.1ms)[0m  [1mCREATE UNIQUE INDEX "unique_schema_migrations" ON "schema_migrations" ("version")[0m
  [1m[35mActiveRecord::SchemaMigration Load (0.1ms)[0m  SELECT "schema_migrations".* FROM "schema_migrations"
  [1m[36mActiveRecord::SchemaMigration Load (0.2ms)[0m  [1mSELECT "schema_migrations".* FROM "schema_migrations"[0m
Migrating to CreateArticles (20180414100548)
  [1m[35m (0.1ms)[0m  begin transaction
  [1m[36m (1.0ms)[0m  [1mCREATE TABLE "articles" ("id" INTEGER PRIMARY KEY AUTOINCREMENT NOT NULL, "title" varchar, "body" text, "created_at" datetime NOT NULL, "updated_at" datetime NOT NULL) [0m
  [1m[35mSQL (0.6ms)[0m  INSERT INTO "schema_migrations" ("version") VALUES (?)  [["version", "20180414100548"]]
  [1m[36m (2.5ms)[0m  [1mcommit transaction[0m
  [1m[35mActiveRecord::SchemaMigration Load (0.1ms)[0m  SELECT "schema_migrations".* FROM "schema_migrations"


Started GET "/articles/new" for 127.0.0.1 at 2018-04-14 11:06:58 +0100
  [1m[36mActiveRecord::SchemaMigration Load (0.2ms)[0m  [1mSELECT "schema_migrations".* FROM "schema_migrations"[0m
Processing by ArticlesController#new as HTML
  Rendered articles/_form.html.erb (37.3ms)
  Rendered articles/new.html.erb within layouts/application (48.3ms)
Completed 200 OK in 1630ms (Views: 1605.9ms | ActiveRecord: 0.7ms)


Started GET "/assets/articles.self-e3b0c44298fc1c149afbf4c8996fb92427ae41e4649b934ca495991b7852b855.css?body=1" for 127.0.0.1 at 2018-04-14 11:07:01 +0100


Started GET "/assets/turbolinks.self-c37727e9bd6b2735da5c311aa83fead54ed0be6cc8bd9a65309e9c5abe2cbfff.js?body=1" for 127.0.0.1 at 2018-04-14 11:07:01 +0100


Started GET "/assets/jquery.self-a714331225dda820228db323939889f149aec0127aeb06255646b616ba1ca419.js?body=1" for 127.0.0.1 at 2018-04-14 11:07:01 +0100


Started GET "/assets/scaffolds.self-761e0ddff9b66b08fde9c0f16539b4bd2b4246c23d4dc69824e7c58044eac88d.css?body=1" for 127.0.0.1 at 2018-04-14 11:07:01 +0100


Started GET "/assets/jquery_ujs.self-d456baa54c1fa6be2ec3711f0a72ddf7a5b2f34a6b4f515f33767d6207b7d4b3.js?body=1" for 127.0.0.1 at 2018-04-14 11:07:01 +0100


Started GET "/assets/articles.self-877aef30ae1b040ab8a3aba4e3e309a11d7f2612f44dde450b5c157aa5f95c05.js?body=1" for 127.0.0.1 at 2018-04-14 11:07:01 +0100


Started POST "/articles" for 127.0.0.1 at 2018-04-14 11:07:14 +0100
Processing by ArticlesController#create as HTML
  Parameters: {"utf8"=>"✓", "authenticity_token"=>"VUWydbUrjY9LEM6PK/61zHlU524VBTTibbYesRHF/LsU0ZlfN6PzxRESYVHCsDWnsvevYenrDVRir0RNdHk2jA==", "article"=>{"title"=>"Thing", "body"=>"The thing with the thing"}, "commit"=>"Create Article"}
  [1m[35m (0.1ms)[0m  begin transaction
  [1m[36mSQL (0.8ms)[0m  [1mINSERT INTO "articles" ("title", "body", "created_at", "updated_at") VALUES (?, ?, ?, ?)[0m  [["title", "Thing"], ["body", "The thing with the thing"], ["created_at", "2018-04-14 10:07:14.471999"], ["updated_at", "2018-04-14 10:07:14.471999"]]
  [1m[35m (1.9ms)[0m  commit transaction
Redirected to http://127.0.0.1:3000/articles/1
Completed 302 Found in 20ms (ActiveRecord: 2.9ms)


Started GET "/articles/1" for 127.0.0.1 at 2018-04-14 11:07:14 +0100
Processing by ArticlesController#show as HTML
  Parameters: {"id"=>"1"}
  [1m[36mArticle Load (0.2ms)[0m  [1mSELECT  "articles".* FROM "articles" WHERE "articles"."id" = ? LIMIT 1[0m  [["id", 1]]
  Rendered articles/show.html.erb within layouts/application (1.0ms)
Completed 200 OK in 35ms (Views: 23.3ms | ActiveRecord: 0.2ms)


Started GET "/articles/1.json" for 127.0.0.1 at 2018-04-14 11:07:47 +0100
Processing by ArticlesController#show as JSON
  Parameters: {"id"=>"1"}
  [1m[35mArticle Load (0.1ms)[0m  SELECT  "articles".* FROM "articles" WHERE "articles"."id" = ? LIMIT 1  [["id", 1]]
  Rendered articles/show.json.jbuilder (7.3ms)
Completed 200 OK in 20ms (Views: 18.5ms | ActiveRecord: 0.1ms)
